c:\users\shady\guc\semester 7\graphics\project3d\debug\vc143.pdb
c:\users\shady\guc\semester 7\graphics\project3d\debug\vc143.idb
c:\users\shady\guc\semester 7\graphics\project3d\debug\player.obj
c:\users\shady\guc\semester 7\graphics\project3d\debug\cuboid.obj
c:\users\shady\guc\semester 7\graphics\project3d\debug\meshmain.obj
c:\users\shady\guc\semester 7\graphics\project3d\debug\opengl3dtemplate.obj
c:\users\shady\guc\semester 7\graphics\project3d\debug\model_3ds.obj
c:\users\shady\guc\semester 7\graphics\project3d\debug\gltexture.obj
c:\users\shady\guc\semester 7\graphics\project3d\debug\enemy.obj
c:\users\shady\guc\semester 7\graphics\project3d\debug\weapon.obj
c:\users\shady\guc\semester 7\graphics\project3d\debug\sniper.obj
c:\users\shady\guc\semester 7\graphics\project3d\debug\scar.obj
c:\users\shady\guc\semester 7\graphics\project3d\debug\pistol.obj
c:\users\shady\guc\semester 7\graphics\project3d\debug\wave.obj
c:\users\shady\guc\semester 7\graphics\project3d\debug\sound.obj
c:\users\shady\guc\semester 7\graphics\project3d\debug\hud.obj
c:\users\shady\guc\semester 7\graphics\project3d\debug\goal.obj
c:\users\shady\guc\semester 7\graphics\project3d\debug\zombie.obj
c:\users\shady\guc\semester 7\graphics\project3d\debug\skeleton.obj
c:\users\shady\guc\semester 7\graphics\project3d\debug\opengl3dtemplate.ilk
c:\users\shady\guc\semester 7\graphics\project3d\debug\opengl3dtemplate.exe
c:\users\shady\guc\semester 7\graphics\project3d\debug\opengl3dtemplate.pdb
c:\users\shady\guc\semester 7\graphics\project3d\debug\opengl3dtemplate.tlog\cl.command.1.tlog
c:\users\shady\guc\semester 7\graphics\project3d\debug\opengl3dtemplate.tlog\cl.items.tlog
c:\users\shady\guc\semester 7\graphics\project3d\debug\opengl3dtemplate.tlog\cl.read.1.tlog
c:\users\shady\guc\semester 7\graphics\project3d\debug\opengl3dtemplate.tlog\cl.write.1.tlog
c:\users\shady\guc\semester 7\graphics\project3d\debug\opengl3dtemplate.tlog\link.command.1.tlog
c:\users\shady\guc\semester 7\graphics\project3d\debug\opengl3dtemplate.tlog\link.read.1.tlog
c:\users\shady\guc\semester 7\graphics\project3d\debug\opengl3dtemplate.tlog\link.write.1.tlog
